INFO [2023-03-30 07:18:52] $x
INFO [2023-03-30 07:18:52] spp.lists.year
INFO [2023-03-30 07:18:52] 
INFO [2023-03-30 07:18:52] $category.names
INFO [2023-03-30 07:18:52] c("2003", "2015")
INFO [2023-03-30 07:18:52] 
INFO [2023-03-30 07:18:52] $filename
INFO [2023-03-30 07:18:52] NULL
INFO [2023-03-30 07:18:52] 
INFO [2023-03-30 07:18:52] $cex.category.names
INFO [2023-03-30 07:18:52] [1] 2
INFO [2023-03-30 07:18:52] 
INFO [2023-03-30 07:18:52] $cex
INFO [2023-03-30 07:18:52] [1] 2
INFO [2023-03-30 07:18:52] 
INFO [2023-03-30 07:18:52] $fill
INFO [2023-03-30 07:18:52] c(4, 5)
INFO [2023-03-30 07:18:52] 
INFO [2023-03-30 07:18:52] $lwd
INFO [2023-03-30 07:18:52] [1] 3
INFO [2023-03-30 07:18:52] 
INFO [2023-03-30 07:18:52] $alpha
INFO [2023-03-30 07:18:52] rep(0.5, 2)
INFO [2023-03-30 07:18:52] 
