INFO [2023-03-30 07:19:03] $x
INFO [2023-03-30 07:19:03] spp.lists.year
INFO [2023-03-30 07:19:03] 
INFO [2023-03-30 07:19:03] $category.names
INFO [2023-03-30 07:19:03] c("2003", "2015")
INFO [2023-03-30 07:19:03] 
INFO [2023-03-30 07:19:03] $filename
INFO [2023-03-30 07:19:03] NULL
INFO [2023-03-30 07:19:03] 
INFO [2023-03-30 07:19:03] $cex.category.names
INFO [2023-03-30 07:19:03] [1] 2
INFO [2023-03-30 07:19:03] 
INFO [2023-03-30 07:19:03] $cex
INFO [2023-03-30 07:19:03] [1] 2
INFO [2023-03-30 07:19:03] 
INFO [2023-03-30 07:19:03] $fill
INFO [2023-03-30 07:19:03] c(4, 5)
INFO [2023-03-30 07:19:03] 
INFO [2023-03-30 07:19:03] $lwd
INFO [2023-03-30 07:19:03] [1] 3
INFO [2023-03-30 07:19:03] 
INFO [2023-03-30 07:19:03] $alpha
INFO [2023-03-30 07:19:03] rep(0.5, 2)
INFO [2023-03-30 07:19:03] 
